
> deployify@0.1.0 dev
> next dev

▲ Next.js 16.1.6 (Turbopack)
- Local:         http://localhost:3000
- Network:       http://192.168.0.2:3000
- Experiments (use with caution):
  · serverActions

✓ Starting...
Attention: Next.js now collects completely anonymous telemetry regarding usage.
This information is used to shape Next.js' roadmap and prioritize features.
You can learn more, including how to opt-out if you'd not like to participate in this anonymous program, by visiting the following URL:
https://nextjs.org/telemetry

⚠ The "middleware" file convention is deprecated. Please use "proxy" instead. Learn more: https://nextjs.org/docs/messages/middleware-to-proxy
✓ Ready in 1612ms
○ Compiling /dashboard/[id]/settings ...
 GET /dashboard/proj_123/settings 200 in 8.3s (compile: 7.5s, proxy.ts: 108ms, render: 627ms)
 GET /login 200 in 2.5s (compile: 2.1s, proxy.ts: 14ms, render: 384ms)
In-house collector error: Error: Could not load the default credentials. Browse to https://cloud.google.com/docs/authentication/getting-started for more information.
    at getProjectByApiKey (src/lib/db.ts:166:10)
    at POST (src/app/api/v1/collect/route.ts:53:49)
  164 |         .where('analyticsApiKey', '==', apiKey)
  165 |         .limit(1)
> 166 |         .get();
      |          ^
  167 |
  168 |     if (snapshot.empty) {
  169 |         return null;
 POST /api/v1/collect 500 in 10.1s (compile: 2.0s, proxy.ts: 7ms, render: 8.0s)
 GET /dashboard/proj_123/settings 200 in 192ms (compile: 47ms, proxy.ts: 5ms, render: 140ms)
 POST /api/v1/collect 200 in 758ms (compile: 5ms, proxy.ts: 9ms, render: 744ms)
 GET /api/teams 200 in 780ms (compile: 479ms, proxy.ts: 6ms, render: 295ms)
Error listing teams: Error: Could not load the default credentials. Browse to https://cloud.google.com/docs/authentication/getting-started for more information.
    at listTeamsWithMembership (src/lib/db.ts:404:10)
    at GET (src/app/api/teams/route.ts:18:52)
  402 |         .collection(Collections.TEAM_MEMBERSHIPS)
  403 |         .where('userId', '==', userId)
> 404 |         .get();
      |          ^
  405 |
  406 |     if (membershipsSnapshot.empty) {
  407 |         return [];
In-house collector error: Error: Could not load the default credentials. Browse to https://cloud.google.com/docs/authentication/getting-started for more information.
    at getProjectByApiKey (src/lib/db.ts:166:10)
    at POST (src/app/api/v1/collect/route.ts:53:49)
  164 |         .where('analyticsApiKey', '==', apiKey)
  165 |         .limit(1)
> 166 |         .get();
      |          ^
  167 |
  168 |     if (snapshot.empty) {
  169 |         return null;
 GET /dashboard/proj_123/settings 200 in 144ms (compile: 41ms, proxy.ts: 4ms, render: 100ms)
 POST /api/v1/collect 200 in 557ms (compile: 11ms, proxy.ts: 6ms, render: 540ms)
 GET /api/teams 200 in 585ms (compile: 5ms, proxy.ts: 4ms, render: 576ms)
In-house collector error: Error: Could not load the default credentials. Browse to https://cloud.google.com/docs/authentication/getting-started for more information.
    at getProjectByApiKey (src/lib/db.ts:166:10)
    at POST (src/app/api/v1/collect/route.ts:53:49)
  164 |         .where('analyticsApiKey', '==', apiKey)
  165 |         .limit(1)
> 166 |         .get();
      |          ^
  167 |
  168 |     if (snapshot.empty) {
  169 |         return null;
Error listing teams: Error: Could not load the default credentials. Browse to https://cloud.google.com/docs/authentication/getting-started for more information.
    at listTeamsWithMembership (src/lib/db.ts:404:10)
    at GET (src/app/api/teams/route.ts:18:52)
  402 |         .collection(Collections.TEAM_MEMBERSHIPS)
  403 |         .where('userId', '==', userId)
> 404 |         .get();
      |          ^
  405 |
  406 |     if (membershipsSnapshot.empty) {
  407 |         return [];
 GET /dashboard/proj_123/settings 200 in 160ms (compile: 42ms, proxy.ts: 5ms, render: 112ms)
 POST /api/v1/collect 200 in 673ms (compile: 9ms, proxy.ts: 10ms, render: 655ms)
 GET /api/teams 200 in 701ms (compile: 6ms, proxy.ts: 8ms, render: 687ms)
In-house collector error: Error: Could not load the default credentials. Browse to https://cloud.google.com/docs/authentication/getting-started for more information.
    at getProjectByApiKey (src/lib/db.ts:166:10)
    at POST (src/app/api/v1/collect/route.ts:53:49)
  164 |         .where('analyticsApiKey', '==', apiKey)
  165 |         .limit(1)
> 166 |         .get();
      |          ^
  167 |
  168 |     if (snapshot.empty) {
  169 |         return null;
Error listing teams: Error: Could not load the default credentials. Browse to https://cloud.google.com/docs/authentication/getting-started for more information.
    at listTeamsWithMembership (src/lib/db.ts:404:10)
    at GET (src/app/api/teams/route.ts:18:52)
  402 |         .collection(Collections.TEAM_MEMBERSHIPS)
  403 |         .where('userId', '==', userId)
> 404 |         .get();
      |          ^
  405 |
  406 |     if (membershipsSnapshot.empty) {
  407 |         return [];
 GET /dashboard/proj_123/settings 200 in 177ms (compile: 41ms, proxy.ts: 4ms, render: 132ms)
 GET /api/teams 200 in 873ms (compile: 5ms, proxy.ts: 4ms, render: 865ms)
 POST /api/v1/collect 200 in 854ms (compile: 4ms, proxy.ts: 7ms, render: 843ms)
Error listing teams: Error: Could not load the default credentials. Browse to https://cloud.google.com/docs/authentication/getting-started for more information.
    at listTeamsWithMembership (src/lib/db.ts:404:10)
    at GET (src/app/api/teams/route.ts:18:52)
  402 |         .collection(Collections.TEAM_MEMBERSHIPS)
  403 |         .where('userId', '==', userId)
> 404 |         .get();
      |          ^
  405 |
  406 |     if (membershipsSnapshot.empty) {
  407 |         return [];
In-house collector error: Error: Could not load the default credentials. Browse to https://cloud.google.com/docs/authentication/getting-started for more information.
    at getProjectByApiKey (src/lib/db.ts:166:10)
    at POST (src/app/api/v1/collect/route.ts:53:49)
  164 |         .where('analyticsApiKey', '==', apiKey)
  165 |         .limit(1)
> 166 |         .get();
      |          ^
  167 |
  168 |     if (snapshot.empty) {
  169 |         return null;
